28-Mar-2023 00:06:04.193 INFO [main] org.apache.catalina.core.ApplicationContext.log ContextListener: contextInitialized()
28-Mar-2023 00:06:04.193 INFO [main] org.apache.catalina.core.ApplicationContext.log SessionListener: contextInitialized()
28-Mar-2023 00:06:04.199 INFO [main] org.apache.catalina.core.ApplicationContext.log ContextListener: attributeAdded('StockTicker', 'async.Stockticker@14998e21')
28-Mar-2023 00:06:56.836 INFO [main] org.apache.catalina.core.ApplicationContext.log SessionListener: contextDestroyed()
28-Mar-2023 00:06:56.836 INFO [main] org.apache.catalina.core.ApplicationContext.log ContextListener: contextDestroyed()
28-Mar-2023 00:07:00.231 INFO [main] org.apache.catalina.core.ApplicationContext.log ContextListener: contextInitialized()
28-Mar-2023 00:07:00.232 INFO [main] org.apache.catalina.core.ApplicationContext.log SessionListener: contextInitialized()
28-Mar-2023 00:07:00.239 INFO [main] org.apache.catalina.core.ApplicationContext.log ContextListener: attributeAdded('StockTicker', 'async.Stockticker@2e09c51')
28-Mar-2023 00:09:05.440 INFO [main] org.apache.catalina.core.ApplicationContext.log SessionListener: contextDestroyed()
28-Mar-2023 00:09:05.440 INFO [main] org.apache.catalina.core.ApplicationContext.log ContextListener: contextDestroyed()
28-Mar-2023 16:30:31.242 INFO [main] org.apache.catalina.core.ApplicationContext.log ContextListener: contextInitialized()
28-Mar-2023 16:30:31.242 INFO [main] org.apache.catalina.core.ApplicationContext.log SessionListener: contextInitialized()
28-Mar-2023 16:30:31.246 INFO [main] org.apache.catalina.core.ApplicationContext.log ContextListener: attributeAdded('StockTicker', 'async.Stockticker@3c50ad4b')
28-Mar-2023 16:30:54.407 INFO [main] org.apache.catalina.core.ApplicationContext.log SessionListener: contextDestroyed()
28-Mar-2023 16:30:54.407 INFO [main] org.apache.catalina.core.ApplicationContext.log ContextListener: contextDestroyed()
28-Mar-2023 17:02:13.069 INFO [main] org.apache.catalina.core.ApplicationContext.log ContextListener: contextInitialized()
28-Mar-2023 17:02:13.069 INFO [main] org.apache.catalina.core.ApplicationContext.log SessionListener: contextInitialized()
28-Mar-2023 17:02:13.077 INFO [main] org.apache.catalina.core.ApplicationContext.log ContextListener: attributeAdded('StockTicker', 'async.Stockticker@2aa7399c')
28-Mar-2023 17:02:39.213 INFO [main] org.apache.catalina.core.ApplicationContext.log SessionListener: contextDestroyed()
28-Mar-2023 17:02:39.213 INFO [main] org.apache.catalina.core.ApplicationContext.log ContextListener: contextDestroyed()
28-Mar-2023 17:02:42.230 INFO [main] org.apache.catalina.core.ApplicationContext.log ContextListener: contextInitialized()
28-Mar-2023 17:02:42.230 INFO [main] org.apache.catalina.core.ApplicationContext.log SessionListener: contextInitialized()
28-Mar-2023 17:02:42.230 INFO [main] org.apache.catalina.core.ApplicationContext.log ContextListener: attributeAdded('StockTicker', 'async.Stockticker@11eed657')
28-Mar-2023 17:03:02.315 INFO [main] org.apache.catalina.core.ApplicationContext.log SessionListener: contextDestroyed()
28-Mar-2023 17:03:02.315 INFO [main] org.apache.catalina.core.ApplicationContext.log ContextListener: contextDestroyed()
